Arguments: 
  D:\software\nodejs\node.exe D:\software\nodejs\node_modules\yarn\bin\yarn.js

PATH: 
  D:\software\cmder\vendor\git-for-windows\cmd;D:\jirengu\naruto-ui\node_modules\.bin;C:\Windows\system32;C:\Windows;C:\Windows\System32\Wbem;C:\Windows\System32\WindowsPowerShell\v1.0\;C:\Windows\System32\OpenSSH\;C:\Program Files\NVIDIA Corporation\NVIDIA NvDLISR;C:\ProgramData\chocolatey\bin;%NVM_HOME%;%NVM_SYMLINK%;C:\Users\zengyushan\AppData\Local\Microsoft\WindowsApps;D:\software\nvm;D:\software\nodejs;D:\software\Microsoft VS Code\bin;D:\software\cmder\vendor\git-for-windows\mingw64\bin;D:\software\cmder\vendor\git-for-windows\usr\bin;D:\software\cmder\vendor\bin;D:\software\cmder

Yarn version: 
  1.22.17

Node version: 
  10.16.0

Platform: 
  win32 x64

Trace: 
  Error: connect ECONNREFUSED 61.184.215.179:443
      at TCPConnectWrap.afterConnect [as oncomplete] (net.js:1106:14)

npm manifest: 
  {
    "name": "naruto-ui",
    "version": "0.0.0",
    "scripts": {
      "dev": "vite",
      "build": "vite build"
    },
    "dependencies": {
      "vue": "^3.0.4"
    },
    "devDependencies": {
      "vite": "^1.0.0-rc.13",
      "@vue/compiler-sfc": "^3.0.4"
    }
  }

yarn manifest: 
  No manifest

Lockfile: 
  No lockfile
